app/build/intermediates/manifest_merge_blame_file/debug/processDebugMainManifest/manifest-merger-blame-debug-report.txt
1<?xml version="1.0" encoding="utf-8"?>
2<manifest xmlns:android="http://schemas.android.com/apk/res/android"
3    package="com.vetcarnet"
4    android:versionCode="1"
5    android:versionName="1.0" >
6
7    <uses-sdk
8        android:minSdkVersion="26"
9        android:targetSdkVersion="35" />
10
11    <!-- Permissions réseau -->
12    <uses-permission android:name="android.permission.INTERNET" />
12-->src/main/AndroidManifest.xml:5:5-67
12-->src/main/AndroidManifest.xml:5:22-64
13    <uses-permission android:name="android.permission.ACCESS_NETWORK_STATE" />
13-->src/main/AndroidManifest.xml:6:5-79
13-->src/main/AndroidManifest.xml:6:22-76
14
15    <!-- Notifications (Android 13+) -->
16    <uses-permission android:name="android.permission.POST_NOTIFICATIONS" />
16-->src/main/AndroidManifest.xml:9:5-77
16-->src/main/AndroidManifest.xml:9:22-74
17
18    <!-- WorkManager (boot) -->
19    <uses-permission android:name="android.permission.RECEIVE_BOOT_COMPLETED" />
19-->src/main/AndroidManifest.xml:12:5-81
19-->src/main/AndroidManifest.xml:12:22-78
20
21    <!-- Caméra / galerie -->
22    <uses-permission android:name="android.permission.CAMERA" />
22-->src/main/AndroidManifest.xml:15:5-65
22-->src/main/AndroidManifest.xml:15:22-62
23    <uses-permission android:name="android.permission.READ_MEDIA_IMAGES" />
23-->src/main/AndroidManifest.xml:16:5-76
23-->src/main/AndroidManifest.xml:16:22-73
24    <uses-permission android:name="android.permission.WAKE_LOCK" />
24-->[androidx.work:work-runtime:2.10.0] AndroidManifest.xml:23:5-68
24-->[androidx.work:work-runtime:2.10.0] AndroidManifest.xml:23:22-65
25    <uses-permission android:name="android.permission.FOREGROUND_SERVICE" />
25-->[androidx.work:work-runtime:2.10.0] AndroidManifest.xml:26:5-77
25-->[androidx.work:work-runtime:2.10.0] AndroidManifest.xml:26:22-74
26
27    <permission
27-->[androidx.core:core:1.15.0] AndroidManifest.xml:22:5-24:47
28        android:name="com.vetcarnet.DYNAMIC_RECEIVER_NOT_EXPORTED_PERMISSION"
28-->[androidx.core:core:1.15.0] AndroidManifest.xml:23:9-81
29        android:protectionLevel="signature" />
29-->[androidx.core:core:1.15.0] AndroidManifest.xml:24:9-44
30
31    <uses-permission android:name="com.vetcarnet.DYNAMIC_RECEIVER_NOT_EXPORTED_PERMISSION" />
31-->[androidx.core:core:1.15.0] AndroidManifest.xml:26:5-97
31-->[androidx.core:core:1.15.0] AndroidManifest.xml:26:22-94
32
33    <application
33-->src/main/AndroidManifest.xml:18:5-58:19
34        android:name="com.vetcarnet.VetCarnetApp"
34-->src/main/AndroidManifest.xml:19:9-37
35        android:allowBackup="true"
35-->src/main/AndroidManifest.xml:20:9-35
36        android:appComponentFactory="androidx.core.app.CoreComponentFactory"
36-->[androidx.core:core:1.15.0] AndroidManifest.xml:28:18-86
37        android:debuggable="true"
38        android:extractNativeLibs="false"
39        android:icon="@mipmap/ic_launcher"
39-->src/main/AndroidManifest.xml:21:9-43
40        android:label="@string/app_name"
40-->src/main/AndroidManifest.xml:22:9-41
41        android:roundIcon="@mipmap/ic_launcher_round"
41-->src/main/AndroidManifest.xml:23:9-54
42        android:supportsRtl="true"
42-->src/main/AndroidManifest.xml:24:9-35
43        android:testOnly="true"
44        android:theme="@style/Theme.VetCarnet" >
44-->src/main/AndroidManifest.xml:25:9-47
45        <activity
45-->src/main/AndroidManifest.xml:27:9-35:20
46            android:name="com.vetcarnet.MainActivity"
46-->src/main/AndroidManifest.xml:28:13-41
47            android:exported="true"
47-->src/main/AndroidManifest.xml:29:13-36
48            android:windowSoftInputMode="adjustResize" >
48-->src/main/AndroidManifest.xml:30:13-55
49            <intent-filter>
49-->src/main/AndroidManifest.xml:31:13-34:29
50                <action android:name="android.intent.action.MAIN" />
50-->src/main/AndroidManifest.xml:32:17-69
50-->src/main/AndroidManifest.xml:32:25-66
51
52                <category android:name="android.intent.category.LAUNCHER" />
52-->src/main/AndroidManifest.xml:33:17-77
52-->src/main/AndroidManifest.xml:33:27-74
53            </intent-filter>
54        </activity>
55
56        <!-- WorkManager initialization provider -->
57        <provider
58            android:name="androidx.startup.InitializationProvider"
58-->src/main/AndroidManifest.xml:39:13-67
59            android:authorities="com.vetcarnet.androidx-startup"
59-->src/main/AndroidManifest.xml:40:13-68
60            android:exported="false" >
60-->src/main/AndroidManifest.xml:41:13-37
61            <meta-data
61-->src/main/AndroidManifest.xml:44:13-46:52
62                android:name="androidx.work.WorkManagerInitializer"
62-->src/main/AndroidManifest.xml:45:17-68
63                android:value="androidx.startup" />
63-->src/main/AndroidManifest.xml:46:17-49
64            <meta-data
64-->[androidx.emoji2:emoji2:1.3.0] AndroidManifest.xml:29:13-31:52
65                android:name="androidx.emoji2.text.EmojiCompatInitializer"
65-->[androidx.emoji2:emoji2:1.3.0] AndroidManifest.xml:30:17-75
66                android:value="androidx.startup" />
66-->[androidx.emoji2:emoji2:1.3.0] AndroidManifest.xml:31:17-49
67            <meta-data
67-->[io.github.jan-tennert.supabase:storage-kt-android-debug:3.0.2] AndroidManifest.xml:14:13-16:52
68                android:name="io.github.jan.supabase.storage.SupabaseInitializer"
68-->[io.github.jan-tennert.supabase:storage-kt-android-debug:3.0.2] AndroidManifest.xml:15:17-82
69                android:value="androidx.startup" />
69-->[io.github.jan-tennert.supabase:storage-kt-android-debug:3.0.2] AndroidManifest.xml:16:17-49
70            <meta-data
70-->[io.github.jan-tennert.supabase:auth-kt-android-debug:3.0.2] AndroidManifest.xml:14:13-16:52
71                android:name="io.github.jan.supabase.auth.SupabaseInitializer"
71-->[io.github.jan-tennert.supabase:auth-kt-android-debug:3.0.2] AndroidManifest.xml:15:17-79
72                android:value="androidx.startup" />
72-->[io.github.jan-tennert.supabase:auth-kt-android-debug:3.0.2] AndroidManifest.xml:16:17-49
73            <meta-data
73-->[androidx.lifecycle:lifecycle-process:2.8.7] AndroidManifest.xml:29:13-31:52
74                android:name="androidx.lifecycle.ProcessLifecycleInitializer"
74-->[androidx.lifecycle:lifecycle-process:2.8.7] AndroidManifest.xml:30:17-78
75                android:value="androidx.startup" />
75-->[androidx.lifecycle:lifecycle-process:2.8.7] AndroidManifest.xml:31:17-49
76            <meta-data
76-->[com.russhwolf:multiplatform-settings-no-arg-android-debug:1.2.0] AndroidManifest.xml:29:13-31:52
77                android:name="com.russhwolf.settings.SettingsInitializer"
77-->[com.russhwolf:multiplatform-settings-no-arg-android-debug:1.2.0] AndroidManifest.xml:30:17-74
78                android:value="androidx.startup" />
78-->[com.russhwolf:multiplatform-settings-no-arg-android-debug:1.2.0] AndroidManifest.xml:31:17-49
79            <meta-data
79-->[androidx.profileinstaller:profileinstaller:1.4.1] AndroidManifest.xml:29:13-31:52
80                android:name="androidx.profileinstaller.ProfileInstallerInitializer"
80-->[androidx.profileinstaller:profileinstaller:1.4.1] AndroidManifest.xml:30:17-85
81                android:value="androidx.startup" />
81-->[androidx.profileinstaller:profileinstaller:1.4.1] AndroidManifest.xml:31:17-49
82        </provider>
83
84        <!-- Receiver pour lancer WorkManager au démarrage du téléphone -->
85        <receiver
85-->src/main/AndroidManifest.xml:50:9-56:20
86            android:name="com.vetcarnet.worker.BootReceiver"
86-->src/main/AndroidManifest.xml:51:13-48
87            android:exported="true" >
87-->src/main/AndroidManifest.xml:52:13-36
88            <intent-filter>
88-->src/main/AndroidManifest.xml:53:13-55:29
89                <action android:name="android.intent.action.BOOT_COMPLETED" />
89-->src/main/AndroidManifest.xml:54:17-79
89-->src/main/AndroidManifest.xml:54:25-76
90            </intent-filter>
91        </receiver>
92
93        <activity
93-->[androidx.compose.ui:ui-tooling-android:1.7.6] AndroidManifest.xml:23:9-25:39
94            android:name="androidx.compose.ui.tooling.PreviewActivity"
94-->[androidx.compose.ui:ui-tooling-android:1.7.6] AndroidManifest.xml:24:13-71
95            android:exported="true" />
95-->[androidx.compose.ui:ui-tooling-android:1.7.6] AndroidManifest.xml:25:13-36
96
97        <service
97-->[androidx.work:work-runtime:2.10.0] AndroidManifest.xml:39:9-45:35
98            android:name="androidx.work.impl.background.systemalarm.SystemAlarmService"
98-->[androidx.work:work-runtime:2.10.0] AndroidManifest.xml:40:13-88
99            android:directBootAware="false"
99-->[androidx.work:work-runtime:2.10.0] AndroidManifest.xml:41:13-44
100            android:enabled="@bool/enable_system_alarm_service_default"
100-->[androidx.work:work-runtime:2.10.0] AndroidManifest.xml:42:13-72
101            android:exported="false" />
101-->[androidx.work:work-runtime:2.10.0] AndroidManifest.xml:43:13-37
102        <service
102-->[androidx.work:work-runtime:2.10.0] AndroidManifest.xml:46:9-52:35
103            android:name="androidx.work.impl.background.systemjob.SystemJobService"
103-->[androidx.work:work-runtime:2.10.0] AndroidManifest.xml:47:13-84
104            android:directBootAware="false"
104-->[androidx.work:work-runtime:2.10.0] AndroidManifest.xml:48:13-44
105            android:enabled="@bool/enable_system_job_service_default"
105-->[androidx.work:work-runtime:2.10.0] AndroidManifest.xml:49:13-70
106            android:exported="true"
106-->[androidx.work:work-runtime:2.10.0] AndroidManifest.xml:50:13-36
107            android:permission="android.permission.BIND_JOB_SERVICE" />
107-->[androidx.work:work-runtime:2.10.0] AndroidManifest.xml:51:13-69
108        <service
108-->[androidx.work:work-runtime:2.10.0] AndroidManifest.xml:53:9-59:35
109            android:name="androidx.work.impl.foreground.SystemForegroundService"
109-->[androidx.work:work-runtime:2.10.0] AndroidManifest.xml:54:13-81
110            android:directBootAware="false"
110-->[androidx.work:work-runtime:2.10.0] AndroidManifest.xml:55:13-44
111            android:enabled="@bool/enable_system_foreground_service_default"
111-->[androidx.work:work-runtime:2.10.0] AndroidManifest.xml:56:13-77
112            android:exported="false" />
112-->[androidx.work:work-runtime:2.10.0] AndroidManifest.xml:57:13-37
113
114        <receiver
114-->[androidx.work:work-runtime:2.10.0] AndroidManifest.xml:61:9-66:35
115            android:name="androidx.work.impl.utils.ForceStopRunnable$BroadcastReceiver"
115-->[androidx.work:work-runtime:2.10.0] AndroidManifest.xml:62:13-88
116            android:directBootAware="false"
116-->[androidx.work:work-runtime:2.10.0] AndroidManifest.xml:63:13-44
117            android:enabled="true"
117-->[androidx.work:work-runtime:2.10.0] AndroidManifest.xml:64:13-35
118            android:exported="false" />
118-->[androidx.work:work-runtime:2.10.0] AndroidManifest.xml:65:13-37
119        <receiver
119-->[androidx.work:work-runtime:2.10.0] AndroidManifest.xml:67:9-77:20
120            android:name="androidx.work.impl.background.systemalarm.ConstraintProxy$BatteryChargingProxy"
120-->[androidx.work:work-runtime:2.10.0] AndroidManifest.xml:68:13-106
121            android:directBootAware="false"
121-->[androidx.work:work-runtime:2.10.0] AndroidManifest.xml:69:13-44
122            android:enabled="false"
122-->[androidx.work:work-runtime:2.10.0] AndroidManifest.xml:70:13-36
123            android:exported="false" >
123-->[androidx.work:work-runtime:2.10.0] AndroidManifest.xml:71:13-37
124            <intent-filter>
124-->[androidx.work:work-runtime:2.10.0] AndroidManifest.xml:73:13-76:29
125                <action android:name="android.intent.action.ACTION_POWER_CONNECTED" />
125-->[androidx.work:work-runtime:2.10.0] AndroidManifest.xml:74:17-87
125-->[androidx.work:work-runtime:2.10.0] AndroidManifest.xml:74:25-84
126                <action android:name="android.intent.action.ACTION_POWER_DISCONNECTED" />
126-->[androidx.work:work-runtime:2.10.0] AndroidManifest.xml:75:17-90
126-->[androidx.work:work-runtime:2.10.0] AndroidManifest.xml:75:25-87
127            </intent-filter>
128        </receiver>
129        <receiver
129-->[androidx.work:work-runtime:2.10.0] AndroidManifest.xml:78:9-88:20
130            android:name="androidx.work.impl.background.systemalarm.ConstraintProxy$BatteryNotLowProxy"
130-->[androidx.work:work-runtime:2.10.0] AndroidManifest.xml:79:13-104
131            android:directBootAware="false"
131-->[androidx.work:work-runtime:2.10.0] AndroidManifest.xml:80:13-44
132            android:enabled="false"
132-->[androidx.work:work-runtime:2.10.0] AndroidManifest.xml:81:13-36
133            android:exported="false" >
133-->[androidx.work:work-runtime:2.10.0] AndroidManifest.xml:82:13-37
134            <intent-filter>
134-->[androidx.work:work-runtime:2.10.0] AndroidManifest.xml:84:13-87:29
135                <action android:name="android.intent.action.BATTERY_OKAY" />
135-->[androidx.work:work-runtime:2.10.0] AndroidManifest.xml:85:17-77
135-->[androidx.work:work-runtime:2.10.0] AndroidManifest.xml:85:25-74
136                <action android:name="android.intent.action.BATTERY_LOW" />
136-->[androidx.work:work-runtime:2.10.0] AndroidManifest.xml:86:17-76
136-->[androidx.work:work-runtime:2.10.0] AndroidManifest.xml:86:25-73
137            </intent-filter>
138        </receiver>
139        <receiver
139-->[androidx.work:work-runtime:2.10.0] AndroidManifest.xml:89:9-99:20
140            android:name="androidx.work.impl.background.systemalarm.ConstraintProxy$StorageNotLowProxy"
140-->[androidx.work:work-runtime:2.10.0] AndroidManifest.xml:90:13-104
141            android:directBootAware="false"
141-->[androidx.work:work-runtime:2.10.0] AndroidManifest.xml:91:13-44
142            android:enabled="false"
142-->[androidx.work:work-runtime:2.10.0] AndroidManifest.xml:92:13-36
143            android:exported="false" >
143-->[androidx.work:work-runtime:2.10.0] AndroidManifest.xml:93:13-37
144            <intent-filter>
144-->[androidx.work:work-runtime:2.10.0] AndroidManifest.xml:95:13-98:29
145                <action android:name="android.intent.action.DEVICE_STORAGE_LOW" />
145-->[androidx.work:work-runtime:2.10.0] AndroidManifest.xml:96:17-83
145-->[androidx.work:work-runtime:2.10.0] AndroidManifest.xml:96:25-80
146                <action android:name="android.intent.action.DEVICE_STORAGE_OK" />
146-->[androidx.work:work-runtime:2.10.0] AndroidManifest.xml:97:17-82
146-->[androidx.work:work-runtime:2.10.0] AndroidManifest.xml:97:25-79
147            </intent-filter>
148        </receiver>
149        <receiver
149-->[androidx.work:work-runtime:2.10.0] AndroidManifest.xml:100:9-109:20
150            android:name="androidx.work.impl.background.systemalarm.ConstraintProxy$NetworkStateProxy"
150-->[androidx.work:work-runtime:2.10.0] AndroidManifest.xml:101:13-103
151            android:directBootAware="false"
151-->[androidx.work:work-runtime:2.10.0] AndroidManifest.xml:102:13-44
152            android:enabled="false"
152-->[androidx.work:work-runtime:2.10.0] AndroidManifest.xml:103:13-36
153            android:exported="false" >
153-->[androidx.work:work-runtime:2.10.0] AndroidManifest.xml:104:13-37
154            <intent-filter>
154-->[androidx.work:work-runtime:2.10.0] AndroidManifest.xml:106:13-108:29
155                <action android:name="android.net.conn.CONNECTIVITY_CHANGE" />
155-->[androidx.work:work-runtime:2.10.0] AndroidManifest.xml:107:17-79
155-->[androidx.work:work-runtime:2.10.0] AndroidManifest.xml:107:25-76
156            </intent-filter>
157        </receiver>
158        <receiver
158-->[androidx.work:work-runtime:2.10.0] AndroidManifest.xml:110:9-121:20
159            android:name="androidx.work.impl.background.systemalarm.RescheduleReceiver"
159-->[androidx.work:work-runtime:2.10.0] AndroidManifest.xml:111:13-88
160            android:directBootAware="false"
160-->[androidx.work:work-runtime:2.10.0] AndroidManifest.xml:112:13-44
161            android:enabled="false"
161-->[androidx.work:work-runtime:2.10.0] AndroidManifest.xml:113:13-36
162            android:exported="false" >
162-->[androidx.work:work-runtime:2.10.0] AndroidManifest.xml:114:13-37
163            <intent-filter>
163-->[androidx.work:work-runtime:2.10.0] AndroidManifest.xml:116:13-120:29
164                <action android:name="android.intent.action.BOOT_COMPLETED" />
164-->src/main/AndroidManifest.xml:54:17-79
164-->src/main/AndroidManifest.xml:54:25-76
165                <action android:name="android.intent.action.TIME_SET" />
165-->[androidx.work:work-runtime:2.10.0] AndroidManifest.xml:118:17-73
165-->[androidx.work:work-runtime:2.10.0] AndroidManifest.xml:118:25-70
166                <action android:name="android.intent.action.TIMEZONE_CHANGED" />
166-->[androidx.work:work-runtime:2.10.0] AndroidManifest.xml:119:17-81
166-->[androidx.work:work-runtime:2.10.0] AndroidManifest.xml:119:25-78
167            </intent-filter>
168        </receiver>
169        <receiver
169-->[androidx.work:work-runtime:2.10.0] AndroidManifest.xml:122:9-131:20
170            android:name="androidx.work.impl.background.systemalarm.ConstraintProxyUpdateReceiver"
170-->[androidx.work:work-runtime:2.10.0] AndroidManifest.xml:123:13-99
171            android:directBootAware="false"
171-->[androidx.work:work-runtime:2.10.0] AndroidManifest.xml:124:13-44
172            android:enabled="@bool/enable_system_alarm_service_default"
172-->[androidx.work:work-runtime:2.10.0] AndroidManifest.xml:125:13-72
173            android:exported="false" >
173-->[androidx.work:work-runtime:2.10.0] AndroidManifest.xml:126:13-37
174            <intent-filter>
174-->[androidx.work:work-runtime:2.10.0] AndroidManifest.xml:128:13-130:29
175                <action android:name="androidx.work.impl.background.systemalarm.UpdateProxies" />
175-->[androidx.work:work-runtime:2.10.0] AndroidManifest.xml:129:17-98
175-->[androidx.work:work-runtime:2.10.0] AndroidManifest.xml:129:25-95
176            </intent-filter>
177        </receiver>
178        <receiver
178-->[androidx.work:work-runtime:2.10.0] AndroidManifest.xml:132:9-142:20
179            android:name="androidx.work.impl.diagnostics.DiagnosticsReceiver"
179-->[androidx.work:work-runtime:2.10.0] AndroidManifest.xml:133:13-78
180            android:directBootAware="false"
180-->[androidx.work:work-runtime:2.10.0] AndroidManifest.xml:134:13-44
181            android:enabled="true"
181-->[androidx.work:work-runtime:2.10.0] AndroidManifest.xml:135:13-35
182            android:exported="true"
182-->[androidx.work:work-runtime:2.10.0] AndroidManifest.xml:136:13-36
183            android:permission="android.permission.DUMP" >
183-->[androidx.work:work-runtime:2.10.0] AndroidManifest.xml:137:13-57
184            <intent-filter>
184-->[androidx.work:work-runtime:2.10.0] AndroidManifest.xml:139:13-141:29
185                <action android:name="androidx.work.diagnostics.REQUEST_DIAGNOSTICS" />
185-->[androidx.work:work-runtime:2.10.0] AndroidManifest.xml:140:17-88
185-->[androidx.work:work-runtime:2.10.0] AndroidManifest.xml:140:25-85
186            </intent-filter>
187        </receiver>
188
189        <activity
189-->[androidx.compose.ui:ui-test-manifest:1.7.6] AndroidManifest.xml:23:9-25:39
190            android:name="androidx.activity.ComponentActivity"
190-->[androidx.compose.ui:ui-test-manifest:1.7.6] AndroidManifest.xml:24:13-63
191            android:exported="true" />
191-->[androidx.compose.ui:ui-test-manifest:1.7.6] AndroidManifest.xml:25:13-36
192
193        <service
193-->[androidx.room:room-runtime:2.6.1] AndroidManifest.xml:24:9-28:63
194            android:name="androidx.room.MultiInstanceInvalidationService"
194-->[androidx.room:room-runtime:2.6.1] AndroidManifest.xml:25:13-74
195            android:directBootAware="true"
195-->[androidx.room:room-runtime:2.6.1] AndroidManifest.xml:26:13-43
196            android:exported="false" />
196-->[androidx.room:room-runtime:2.6.1] AndroidManifest.xml:27:13-37
197
198        <receiver
198-->[androidx.profileinstaller:profileinstaller:1.4.1] AndroidManifest.xml:34:9-52:20
199            android:name="androidx.profileinstaller.ProfileInstallReceiver"
199-->[androidx.profileinstaller:profileinstaller:1.4.1] AndroidManifest.xml:35:13-76
200            android:directBootAware="false"
200-->[androidx.profileinstaller:profileinstaller:1.4.1] AndroidManifest.xml:36:13-44
201            android:enabled="true"
201-->[androidx.profileinstaller:profileinstaller:1.4.1] AndroidManifest.xml:37:13-35
202            android:exported="true"
202-->[androidx.profileinstaller:profileinstaller:1.4.1] AndroidManifest.xml:38:13-36
203            android:permission="android.permission.DUMP" >
203-->[androidx.profileinstaller:profileinstaller:1.4.1] AndroidManifest.xml:39:13-57
204            <intent-filter>
204-->[androidx.profileinstaller:profileinstaller:1.4.1] AndroidManifest.xml:40:13-42:29
205                <action android:name="androidx.profileinstaller.action.INSTALL_PROFILE" />
205-->[androidx.profileinstaller:profileinstaller:1.4.1] AndroidManifest.xml:41:17-91
205-->[androidx.profileinstaller:profileinstaller:1.4.1] AndroidManifest.xml:41:25-88
206            </intent-filter>
207            <intent-filter>
207-->[androidx.profileinstaller:profileinstaller:1.4.1] AndroidManifest.xml:43:13-45:29
208                <action android:name="androidx.profileinstaller.action.SKIP_FILE" />
208-->[androidx.profileinstaller:profileinstaller:1.4.1] AndroidManifest.xml:44:17-85
208-->[androidx.profileinstaller:profileinstaller:1.4.1] AndroidManifest.xml:44:25-82
209            </intent-filter>
210            <intent-filter>
210-->[androidx.profileinstaller:profileinstaller:1.4.1] AndroidManifest.xml:46:13-48:29
211                <action android:name="androidx.profileinstaller.action.SAVE_PROFILE" />
211-->[androidx.profileinstaller:profileinstaller:1.4.1] AndroidManifest.xml:47:17-88
211-->[androidx.profileinstaller:profileinstaller:1.4.1] AndroidManifest.xml:47:25-85
212            </intent-filter>
213            <intent-filter>
213-->[androidx.profileinstaller:profileinstaller:1.4.1] AndroidManifest.xml:49:13-51:29
214                <action android:name="androidx.profileinstaller.action.BENCHMARK_OPERATION" />
214-->[androidx.profileinstaller:profileinstaller:1.4.1] AndroidManifest.xml:50:17-95
214-->[androidx.profileinstaller:profileinstaller:1.4.1] AndroidManifest.xml:50:25-92
215            </intent-filter>
216        </receiver>
217    </application>
218
219</manifest>